<?xml version="1.0" encoding="UTF-8"?>
<!-- Generated by org.testng.reporters.JUnitReportReporter -->
<testsuite hostname="192.168.1.7" failures="0" tests="2" name="cucumber.testNGTestRunner" time="26.853" errors="0" timestamp="2025-09-08T21:42:41 GMT+07:00" skipped="0">
  <testcase classname="cucumber.testNGTestRunner" name="runScenario" time="16.528"/>
  <testcase classname="cucumber.testNGTestRunner" name="runScenario" time="10.325"/>
</testsuite> <!-- cucumber.testNGTestRunner -->
