<?xml version="1.0" encoding="UTF-8"?>
<!-- Generated by org.testng.reporters.JUnitReportReporter -->
<testsuite hostname="192.168.1.7" failures="0" tests="3" name="dream.tests.SubmitOrder" time="109.273" errors="0" timestamp="2025-09-08T21:10:17 GMT+07:00" skipped="0">
  <testcase classname="dream.tests.SubmitOrder" name="SubmitOrderTest" time="12.714"/>
  <testcase classname="dream.tests.SubmitOrder" name="OrderHistortTest" time="83.157"/>
  <testcase classname="dream.tests.SubmitOrder" name="SubmitOrderTest" time="13.402"/>
</testsuite> <!-- dream.tests.SubmitOrder -->
